[2022-02-02 17:25:35,924] multiqc                                            [DEBUG  ]  This is MultiQC v1.11
[2022-02-02 17:25:35,924] multiqc                                            [DEBUG  ]  No MultiQC config found: /global/scratch2/mvazquez/projects/methylationAging/.snakemake/conda/874bf669/lib/python3.10/site-packages/multiqc_config.yaml
[2022-02-02 17:25:35,924] multiqc                                            [DEBUG  ]  No MultiQC config found: /global/home/users/mvazquez/.multiqc_config.yaml
[2022-02-02 17:25:35,924] multiqc                                            [DEBUG  ]  No MultiQC config found: multiqc_config.yaml
[2022-02-02 17:25:35,924] multiqc                                            [DEBUG  ]  Command used: /global/scratch2/mvazquez/projects/methylationAging/.snakemake/conda/874bf669/bin/multiqc --force --interactive -o output/qc/multiqc -n multiqc.html --profile-runtime output/qc/fastqc
[2022-02-02 17:25:37,019] multiqc                                            [DEBUG  ]  Latest MultiQC version is v1.11
[2022-02-02 17:25:37,020] multiqc                                            [DEBUG  ]  Command     : /global/scratch2/mvazquez/projects/methylationAging/.snakemake/conda/874bf669/bin/multiqc --force --interactive -o output/qc/multiqc -n multiqc.html --profile-runtime output/qc/fastqc
[2022-02-02 17:25:37,020] multiqc                                            [DEBUG  ]  Working dir : /global/scratch2/mvazquez/projects/methylationAging
[2022-02-02 17:25:37,020] multiqc                                            [DEBUG  ]  Template    : default
[2022-02-02 17:25:37,020] multiqc                                            [DEBUG  ]  Running Python 3.10.2 | packaged by conda-forge | (main, Feb  1 2022, 19:29:00) [GCC 9.4.0]
[2022-02-02 17:25:37,022] multiqc                                            [DEBUG  ]  Analysing modules: custom_content, ccs, ngsderive, purple, conpair, lima, peddy, somalier, methylQA, mosdepth, phantompeakqualtools, qualimap, preseq, quast, qorts, rna_seqc, rockhopper, rsem, rseqc, busco, bustools, goleft_indexcov, gffcompare, disambiguate, supernova, deeptools, sargasso, verifybamid, mirtrace, happy, mirtop, sambamba, homer, hops, macs2, theta2, snpeff, gatk, htseq, bcftools, featureCounts, fgbio, dragen, dedup, damageprofiler, biobambam2, jcvi, mtnucratio, picard, vep, sentieon, prokka, qc3C, nanostat, samblaster, samtools, sexdeterrmine, eigenstratdatabasetools, bamtools, jellyfish, vcftools, longranger, stacks, varscan2, snippy, bbmap, bismark, biscuit, hicexplorer, hicup, hicpro, salmon, kallisto, slamdunk, star, hisat2, tophat, bowtie2, bowtie1, snpsplit, odgi, pangolin, kat, leehom, adapterRemoval, clipandmerge, cutadapt, flexbar, kaiju, kraken, malt, trimmomatic, sickle, skewer, sortmerna, biobloomtools, fastq_screen, afterqc, fastp, fastqc, pychopper, pycoqc, minionqc, multivcfanalyzer, clusterflow, bcl2fastq, bclconvert, interop, ivar, flash, seqyclean, optitype
[2022-02-02 17:25:37,022] multiqc                                            [DEBUG  ]  Using temporary directory for creating report: /tmp/tmpmc4odmv3
[2022-02-02 17:25:37,207] multiqc                                            [INFO   ]  Search path : /global/scratch2/mvazquez/projects/methylationAging/output/qc/fastqc
[2022-02-02 17:25:37,253] multiqc                                            [DEBUG  ]  File ignored by ccs/v4 because it exceeded search pattern filesize limit: ML7_S63_L001_R2_001_fastqc.html
[2022-02-02 17:25:37,259] multiqc                                            [DEBUG  ]  File ignored by hicexplorer because it exceeded search pattern filesize limit: ML7_S63_L001_R2_001_fastqc.html
[2022-02-02 17:25:37,260] multiqc                                            [DEBUG  ]  File ignored by nanostat because it exceeded search pattern filesize limit: ML7_S63_L001_R2_001_fastqc.html
[2022-02-02 17:25:37,260] multiqc                                            [DEBUG  ]  File ignored by lima/summary because it exceeded search pattern filesize limit: ML7_S63_L001_R2_001_fastqc.html
[2022-02-02 17:25:37,272] multiqc                                            [DEBUG  ]  File ignored by vep/vep_txt because it exceeded search pattern filesize limit: ML7_S63_L001_R2_001_fastqc.html
[2022-02-02 17:25:37,272] multiqc                                            [DEBUG  ]  File ignored by longranger/invocation because it exceeded search pattern filesize limit: ML7_S63_L001_R2_001_fastqc.html
[2022-02-02 17:25:37,272] multiqc                                            [DEBUG  ]  File ignored by rockhopper because it exceeded search pattern filesize limit: ML7_S63_L001_R2_001_fastqc.html
[2022-02-02 17:25:37,272] multiqc                                            [DEBUG  ]  File ignored by rseqc/bam_stat because it exceeded search pattern filesize limit: ML7_S63_L001_R2_001_fastqc.html
[2022-02-02 17:25:37,272] multiqc                                            [DEBUG  ]  File ignored by rseqc/junction_annotation because it exceeded search pattern filesize limit: ML7_S63_L001_R2_001_fastqc.html
[2022-02-02 17:25:37,272] multiqc                                            [DEBUG  ]  File ignored by rseqc/read_distribution because it exceeded search pattern filesize limit: ML7_S63_L001_R2_001_fastqc.html
[2022-02-02 17:25:37,272] multiqc                                            [DEBUG  ]  File ignored by rseqc/infer_experiment because it exceeded search pattern filesize limit: ML7_S63_L001_R2_001_fastqc.html
[2022-02-02 17:25:37,474] multiqc                                            [DEBUG  ]  File ignored by ccs/v4 because it exceeded search pattern filesize limit: ML3_S61_L001_R2_001_fastqc.html
[2022-02-02 17:25:37,483] multiqc                                            [DEBUG  ]  File ignored by hicexplorer because it exceeded search pattern filesize limit: ML3_S61_L001_R2_001_fastqc.html
[2022-02-02 17:25:37,484] multiqc                                            [DEBUG  ]  File ignored by nanostat because it exceeded search pattern filesize limit: ML3_S61_L001_R2_001_fastqc.html
[2022-02-02 17:25:37,484] multiqc                                            [DEBUG  ]  File ignored by lima/summary because it exceeded search pattern filesize limit: ML3_S61_L001_R2_001_fastqc.html
[2022-02-02 17:25:37,500] multiqc                                            [DEBUG  ]  File ignored by vep/vep_txt because it exceeded search pattern filesize limit: ML3_S61_L001_R2_001_fastqc.html
[2022-02-02 17:25:37,501] multiqc                                            [DEBUG  ]  File ignored by longranger/invocation because it exceeded search pattern filesize limit: ML3_S61_L001_R2_001_fastqc.html
[2022-02-02 17:25:37,501] multiqc                                            [DEBUG  ]  File ignored by rockhopper because it exceeded search pattern filesize limit: ML3_S61_L001_R2_001_fastqc.html
[2022-02-02 17:25:37,501] multiqc                                            [DEBUG  ]  File ignored by rseqc/bam_stat because it exceeded search pattern filesize limit: ML3_S61_L001_R2_001_fastqc.html
[2022-02-02 17:25:37,501] multiqc                                            [DEBUG  ]  File ignored by rseqc/junction_annotation because it exceeded search pattern filesize limit: ML3_S61_L001_R2_001_fastqc.html
[2022-02-02 17:25:37,501] multiqc                                            [DEBUG  ]  File ignored by rseqc/read_distribution because it exceeded search pattern filesize limit: ML3_S61_L001_R2_001_fastqc.html
[2022-02-02 17:25:37,501] multiqc                                            [DEBUG  ]  File ignored by rseqc/infer_experiment because it exceeded search pattern filesize limit: ML3_S61_L001_R2_001_fastqc.html
[2022-02-02 17:25:37,660] multiqc                                            [DEBUG  ]  File ignored by ccs/v4 because it exceeded search pattern filesize limit: ML3_S61_L001_R1_001_fastqc.html
[2022-02-02 17:25:37,667] multiqc                                            [DEBUG  ]  File ignored by hicexplorer because it exceeded search pattern filesize limit: ML3_S61_L001_R1_001_fastqc.html
[2022-02-02 17:25:37,668] multiqc                                            [DEBUG  ]  File ignored by nanostat because it exceeded search pattern filesize limit: ML3_S61_L001_R1_001_fastqc.html
[2022-02-02 17:25:37,668] multiqc                                            [DEBUG  ]  File ignored by lima/summary because it exceeded search pattern filesize limit: ML3_S61_L001_R1_001_fastqc.html
[2022-02-02 17:25:37,681] multiqc                                            [DEBUG  ]  File ignored by vep/vep_txt because it exceeded search pattern filesize limit: ML3_S61_L001_R1_001_fastqc.html
[2022-02-02 17:25:37,681] multiqc                                            [DEBUG  ]  File ignored by longranger/invocation because it exceeded search pattern filesize limit: ML3_S61_L001_R1_001_fastqc.html
[2022-02-02 17:25:37,681] multiqc                                            [DEBUG  ]  File ignored by rockhopper because it exceeded search pattern filesize limit: ML3_S61_L001_R1_001_fastqc.html
[2022-02-02 17:25:37,681] multiqc                                            [DEBUG  ]  File ignored by rseqc/bam_stat because it exceeded search pattern filesize limit: ML3_S61_L001_R1_001_fastqc.html
[2022-02-02 17:25:37,681] multiqc                                            [DEBUG  ]  File ignored by rseqc/junction_annotation because it exceeded search pattern filesize limit: ML3_S61_L001_R1_001_fastqc.html
[2022-02-02 17:25:37,681] multiqc                                            [DEBUG  ]  File ignored by rseqc/read_distribution because it exceeded search pattern filesize limit: ML3_S61_L001_R1_001_fastqc.html
[2022-02-02 17:25:37,681] multiqc                                            [DEBUG  ]  File ignored by rseqc/infer_experiment because it exceeded search pattern filesize limit: ML3_S61_L001_R1_001_fastqc.html
[2022-02-02 17:25:37,794] multiqc                                            [DEBUG  ]  File ignored by ccs/v4 because it exceeded search pattern filesize limit: ML7_S63_L001_R1_001_fastqc.html
[2022-02-02 17:25:37,800] multiqc                                            [DEBUG  ]  File ignored by hicexplorer because it exceeded search pattern filesize limit: ML7_S63_L001_R1_001_fastqc.html
[2022-02-02 17:25:37,800] multiqc                                            [DEBUG  ]  File ignored by nanostat because it exceeded search pattern filesize limit: ML7_S63_L001_R1_001_fastqc.html
[2022-02-02 17:25:37,801] multiqc                                            [DEBUG  ]  File ignored by lima/summary because it exceeded search pattern filesize limit: ML7_S63_L001_R1_001_fastqc.html
[2022-02-02 17:25:37,812] multiqc                                            [DEBUG  ]  File ignored by vep/vep_txt because it exceeded search pattern filesize limit: ML7_S63_L001_R1_001_fastqc.html
[2022-02-02 17:25:37,812] multiqc                                            [DEBUG  ]  File ignored by longranger/invocation because it exceeded search pattern filesize limit: ML7_S63_L001_R1_001_fastqc.html
[2022-02-02 17:25:37,812] multiqc                                            [DEBUG  ]  File ignored by rockhopper because it exceeded search pattern filesize limit: ML7_S63_L001_R1_001_fastqc.html
[2022-02-02 17:25:37,812] multiqc                                            [DEBUG  ]  File ignored by rseqc/bam_stat because it exceeded search pattern filesize limit: ML7_S63_L001_R1_001_fastqc.html
[2022-02-02 17:25:37,812] multiqc                                            [DEBUG  ]  File ignored by rseqc/junction_annotation because it exceeded search pattern filesize limit: ML7_S63_L001_R1_001_fastqc.html
[2022-02-02 17:25:37,812] multiqc                                            [DEBUG  ]  File ignored by rseqc/read_distribution because it exceeded search pattern filesize limit: ML7_S63_L001_R1_001_fastqc.html
[2022-02-02 17:25:37,812] multiqc                                            [DEBUG  ]  File ignored by rseqc/infer_experiment because it exceeded search pattern filesize limit: ML7_S63_L001_R1_001_fastqc.html
[2022-02-02 17:25:37,912] multiqc                                            [DEBUG  ]  File ignored by ccs/v4 because it exceeded search pattern filesize limit: ML5_S62_L001_R1_001_fastqc.html
[2022-02-02 17:25:37,917] multiqc                                            [DEBUG  ]  File ignored by hicexplorer because it exceeded search pattern filesize limit: ML5_S62_L001_R1_001_fastqc.html
[2022-02-02 17:25:37,918] multiqc                                            [DEBUG  ]  File ignored by nanostat because it exceeded search pattern filesize limit: ML5_S62_L001_R1_001_fastqc.html
[2022-02-02 17:25:37,918] multiqc                                            [DEBUG  ]  File ignored by lima/summary because it exceeded search pattern filesize limit: ML5_S62_L001_R1_001_fastqc.html
[2022-02-02 17:25:37,929] multiqc                                            [DEBUG  ]  File ignored by vep/vep_txt because it exceeded search pattern filesize limit: ML5_S62_L001_R1_001_fastqc.html
[2022-02-02 17:25:37,929] multiqc                                            [DEBUG  ]  File ignored by longranger/invocation because it exceeded search pattern filesize limit: ML5_S62_L001_R1_001_fastqc.html
[2022-02-02 17:25:37,929] multiqc                                            [DEBUG  ]  File ignored by rockhopper because it exceeded search pattern filesize limit: ML5_S62_L001_R1_001_fastqc.html
[2022-02-02 17:25:37,929] multiqc                                            [DEBUG  ]  File ignored by rseqc/bam_stat because it exceeded search pattern filesize limit: ML5_S62_L001_R1_001_fastqc.html
[2022-02-02 17:25:37,929] multiqc                                            [DEBUG  ]  File ignored by rseqc/junction_annotation because it exceeded search pattern filesize limit: ML5_S62_L001_R1_001_fastqc.html
[2022-02-02 17:25:37,929] multiqc                                            [DEBUG  ]  File ignored by rseqc/read_distribution because it exceeded search pattern filesize limit: ML5_S62_L001_R1_001_fastqc.html
[2022-02-02 17:25:37,929] multiqc                                            [DEBUG  ]  File ignored by rseqc/infer_experiment because it exceeded search pattern filesize limit: ML5_S62_L001_R1_001_fastqc.html
[2022-02-02 17:25:38,026] multiqc                                            [DEBUG  ]  File ignored by ccs/v4 because it exceeded search pattern filesize limit: ML5_S62_L001_R2_001_fastqc.html
[2022-02-02 17:25:38,031] multiqc                                            [DEBUG  ]  File ignored by hicexplorer because it exceeded search pattern filesize limit: ML5_S62_L001_R2_001_fastqc.html
[2022-02-02 17:25:38,032] multiqc                                            [DEBUG  ]  File ignored by nanostat because it exceeded search pattern filesize limit: ML5_S62_L001_R2_001_fastqc.html
[2022-02-02 17:25:38,032] multiqc                                            [DEBUG  ]  File ignored by lima/summary because it exceeded search pattern filesize limit: ML5_S62_L001_R2_001_fastqc.html
[2022-02-02 17:25:38,042] multiqc                                            [DEBUG  ]  File ignored by vep/vep_txt because it exceeded search pattern filesize limit: ML5_S62_L001_R2_001_fastqc.html
[2022-02-02 17:25:38,042] multiqc                                            [DEBUG  ]  File ignored by longranger/invocation because it exceeded search pattern filesize limit: ML5_S62_L001_R2_001_fastqc.html
[2022-02-02 17:25:38,042] multiqc                                            [DEBUG  ]  File ignored by rockhopper because it exceeded search pattern filesize limit: ML5_S62_L001_R2_001_fastqc.html
[2022-02-02 17:25:38,042] multiqc                                            [DEBUG  ]  File ignored by rseqc/bam_stat because it exceeded search pattern filesize limit: ML5_S62_L001_R2_001_fastqc.html
[2022-02-02 17:25:38,042] multiqc                                            [DEBUG  ]  File ignored by rseqc/junction_annotation because it exceeded search pattern filesize limit: ML5_S62_L001_R2_001_fastqc.html
[2022-02-02 17:25:38,042] multiqc                                            [DEBUG  ]  File ignored by rseqc/read_distribution because it exceeded search pattern filesize limit: ML5_S62_L001_R2_001_fastqc.html
[2022-02-02 17:25:38,042] multiqc                                            [DEBUG  ]  File ignored by rseqc/infer_experiment because it exceeded search pattern filesize limit: ML5_S62_L001_R2_001_fastqc.html
[2022-02-02 17:25:38,131] multiqc                                            [DEBUG  ]  File ignored by ccs/v4 because it exceeded search pattern filesize limit: ML5_trimmed_R2_fastqc.html
[2022-02-02 17:25:38,135] multiqc                                            [DEBUG  ]  File ignored by hicexplorer because it exceeded search pattern filesize limit: ML5_trimmed_R2_fastqc.html
[2022-02-02 17:25:38,136] multiqc                                            [DEBUG  ]  File ignored by nanostat because it exceeded search pattern filesize limit: ML5_trimmed_R2_fastqc.html
[2022-02-02 17:25:38,136] multiqc                                            [DEBUG  ]  File ignored by lima/summary because it exceeded search pattern filesize limit: ML5_trimmed_R2_fastqc.html
[2022-02-02 17:25:38,145] multiqc                                            [DEBUG  ]  File ignored by vep/vep_txt because it exceeded search pattern filesize limit: ML5_trimmed_R2_fastqc.html
[2022-02-02 17:25:38,145] multiqc                                            [DEBUG  ]  File ignored by longranger/invocation because it exceeded search pattern filesize limit: ML5_trimmed_R2_fastqc.html
[2022-02-02 17:25:38,145] multiqc                                            [DEBUG  ]  File ignored by rockhopper because it exceeded search pattern filesize limit: ML5_trimmed_R2_fastqc.html
[2022-02-02 17:25:38,145] multiqc                                            [DEBUG  ]  File ignored by rseqc/bam_stat because it exceeded search pattern filesize limit: ML5_trimmed_R2_fastqc.html
[2022-02-02 17:25:38,145] multiqc                                            [DEBUG  ]  File ignored by rseqc/junction_annotation because it exceeded search pattern filesize limit: ML5_trimmed_R2_fastqc.html
[2022-02-02 17:25:38,146] multiqc                                            [DEBUG  ]  File ignored by rseqc/read_distribution because it exceeded search pattern filesize limit: ML5_trimmed_R2_fastqc.html
[2022-02-02 17:25:38,146] multiqc                                            [DEBUG  ]  File ignored by rseqc/infer_experiment because it exceeded search pattern filesize limit: ML5_trimmed_R2_fastqc.html
[2022-02-02 17:25:38,230] multiqc                                            [DEBUG  ]  File ignored by ccs/v4 because it exceeded search pattern filesize limit: ML5_trimmed_R1_fastqc.html
[2022-02-02 17:25:38,235] multiqc                                            [DEBUG  ]  File ignored by hicexplorer because it exceeded search pattern filesize limit: ML5_trimmed_R1_fastqc.html
[2022-02-02 17:25:38,236] multiqc                                            [DEBUG  ]  File ignored by nanostat because it exceeded search pattern filesize limit: ML5_trimmed_R1_fastqc.html
[2022-02-02 17:25:38,236] multiqc                                            [DEBUG  ]  File ignored by lima/summary because it exceeded search pattern filesize limit: ML5_trimmed_R1_fastqc.html
[2022-02-02 17:25:38,245] multiqc                                            [DEBUG  ]  File ignored by vep/vep_txt because it exceeded search pattern filesize limit: ML5_trimmed_R1_fastqc.html
[2022-02-02 17:25:38,245] multiqc                                            [DEBUG  ]  File ignored by longranger/invocation because it exceeded search pattern filesize limit: ML5_trimmed_R1_fastqc.html
[2022-02-02 17:25:38,245] multiqc                                            [DEBUG  ]  File ignored by rockhopper because it exceeded search pattern filesize limit: ML5_trimmed_R1_fastqc.html
[2022-02-02 17:25:38,245] multiqc                                            [DEBUG  ]  File ignored by rseqc/bam_stat because it exceeded search pattern filesize limit: ML5_trimmed_R1_fastqc.html
[2022-02-02 17:25:38,245] multiqc                                            [DEBUG  ]  File ignored by rseqc/junction_annotation because it exceeded search pattern filesize limit: ML5_trimmed_R1_fastqc.html
[2022-02-02 17:25:38,245] multiqc                                            [DEBUG  ]  File ignored by rseqc/read_distribution because it exceeded search pattern filesize limit: ML5_trimmed_R1_fastqc.html
[2022-02-02 17:25:38,245] multiqc                                            [DEBUG  ]  File ignored by rseqc/infer_experiment because it exceeded search pattern filesize limit: ML5_trimmed_R1_fastqc.html
[2022-02-02 17:25:38,329] multiqc                                            [DEBUG  ]  File ignored by ccs/v4 because it exceeded search pattern filesize limit: ML7_trimmed_R2_fastqc.html
[2022-02-02 17:25:38,335] multiqc                                            [DEBUG  ]  File ignored by hicexplorer because it exceeded search pattern filesize limit: ML7_trimmed_R2_fastqc.html
[2022-02-02 17:25:38,335] multiqc                                            [DEBUG  ]  File ignored by nanostat because it exceeded search pattern filesize limit: ML7_trimmed_R2_fastqc.html
[2022-02-02 17:25:38,335] multiqc                                            [DEBUG  ]  File ignored by lima/summary because it exceeded search pattern filesize limit: ML7_trimmed_R2_fastqc.html
[2022-02-02 17:25:38,345] multiqc                                            [DEBUG  ]  File ignored by vep/vep_txt because it exceeded search pattern filesize limit: ML7_trimmed_R2_fastqc.html
[2022-02-02 17:25:38,345] multiqc                                            [DEBUG  ]  File ignored by longranger/invocation because it exceeded search pattern filesize limit: ML7_trimmed_R2_fastqc.html
[2022-02-02 17:25:38,345] multiqc                                            [DEBUG  ]  File ignored by rockhopper because it exceeded search pattern filesize limit: ML7_trimmed_R2_fastqc.html
[2022-02-02 17:25:38,345] multiqc                                            [DEBUG  ]  File ignored by rseqc/bam_stat because it exceeded search pattern filesize limit: ML7_trimmed_R2_fastqc.html
[2022-02-02 17:25:38,345] multiqc                                            [DEBUG  ]  File ignored by rseqc/junction_annotation because it exceeded search pattern filesize limit: ML7_trimmed_R2_fastqc.html
[2022-02-02 17:25:38,345] multiqc                                            [DEBUG  ]  File ignored by rseqc/read_distribution because it exceeded search pattern filesize limit: ML7_trimmed_R2_fastqc.html
[2022-02-02 17:25:38,345] multiqc                                            [DEBUG  ]  File ignored by rseqc/infer_experiment because it exceeded search pattern filesize limit: ML7_trimmed_R2_fastqc.html
[2022-02-02 17:25:38,432] multiqc                                            [DEBUG  ]  File ignored by ccs/v4 because it exceeded search pattern filesize limit: ML3_trimmed_R1_fastqc.html
[2022-02-02 17:25:38,437] multiqc                                            [DEBUG  ]  File ignored by hicexplorer because it exceeded search pattern filesize limit: ML3_trimmed_R1_fastqc.html
[2022-02-02 17:25:38,438] multiqc                                            [DEBUG  ]  File ignored by nanostat because it exceeded search pattern filesize limit: ML3_trimmed_R1_fastqc.html
[2022-02-02 17:25:38,438] multiqc                                            [DEBUG  ]  File ignored by lima/summary because it exceeded search pattern filesize limit: ML3_trimmed_R1_fastqc.html
[2022-02-02 17:25:38,447] multiqc                                            [DEBUG  ]  File ignored by vep/vep_txt because it exceeded search pattern filesize limit: ML3_trimmed_R1_fastqc.html
[2022-02-02 17:25:38,447] multiqc                                            [DEBUG  ]  File ignored by longranger/invocation because it exceeded search pattern filesize limit: ML3_trimmed_R1_fastqc.html
[2022-02-02 17:25:38,447] multiqc                                            [DEBUG  ]  File ignored by rockhopper because it exceeded search pattern filesize limit: ML3_trimmed_R1_fastqc.html
[2022-02-02 17:25:38,447] multiqc                                            [DEBUG  ]  File ignored by rseqc/bam_stat because it exceeded search pattern filesize limit: ML3_trimmed_R1_fastqc.html
[2022-02-02 17:25:38,447] multiqc                                            [DEBUG  ]  File ignored by rseqc/junction_annotation because it exceeded search pattern filesize limit: ML3_trimmed_R1_fastqc.html
[2022-02-02 17:25:38,447] multiqc                                            [DEBUG  ]  File ignored by rseqc/read_distribution because it exceeded search pattern filesize limit: ML3_trimmed_R1_fastqc.html
[2022-02-02 17:25:38,447] multiqc                                            [DEBUG  ]  File ignored by rseqc/infer_experiment because it exceeded search pattern filesize limit: ML3_trimmed_R1_fastqc.html
[2022-02-02 17:25:38,533] multiqc                                            [DEBUG  ]  File ignored by ccs/v4 because it exceeded search pattern filesize limit: ML3_trimmed_R2_fastqc.html
[2022-02-02 17:25:38,538] multiqc                                            [DEBUG  ]  File ignored by hicexplorer because it exceeded search pattern filesize limit: ML3_trimmed_R2_fastqc.html
[2022-02-02 17:25:38,539] multiqc                                            [DEBUG  ]  File ignored by nanostat because it exceeded search pattern filesize limit: ML3_trimmed_R2_fastqc.html
[2022-02-02 17:25:38,539] multiqc                                            [DEBUG  ]  File ignored by lima/summary because it exceeded search pattern filesize limit: ML3_trimmed_R2_fastqc.html
[2022-02-02 17:25:38,548] multiqc                                            [DEBUG  ]  File ignored by vep/vep_txt because it exceeded search pattern filesize limit: ML3_trimmed_R2_fastqc.html
[2022-02-02 17:25:38,548] multiqc                                            [DEBUG  ]  File ignored by longranger/invocation because it exceeded search pattern filesize limit: ML3_trimmed_R2_fastqc.html
[2022-02-02 17:25:38,548] multiqc                                            [DEBUG  ]  File ignored by rockhopper because it exceeded search pattern filesize limit: ML3_trimmed_R2_fastqc.html
[2022-02-02 17:25:38,548] multiqc                                            [DEBUG  ]  File ignored by rseqc/bam_stat because it exceeded search pattern filesize limit: ML3_trimmed_R2_fastqc.html
[2022-02-02 17:25:38,548] multiqc                                            [DEBUG  ]  File ignored by rseqc/junction_annotation because it exceeded search pattern filesize limit: ML3_trimmed_R2_fastqc.html
[2022-02-02 17:25:38,548] multiqc                                            [DEBUG  ]  File ignored by rseqc/read_distribution because it exceeded search pattern filesize limit: ML3_trimmed_R2_fastqc.html
[2022-02-02 17:25:38,548] multiqc                                            [DEBUG  ]  File ignored by rseqc/infer_experiment because it exceeded search pattern filesize limit: ML3_trimmed_R2_fastqc.html
[2022-02-02 17:25:38,633] multiqc                                            [DEBUG  ]  File ignored by ccs/v4 because it exceeded search pattern filesize limit: ML7_trimmed_R1_fastqc.html
[2022-02-02 17:25:38,638] multiqc                                            [DEBUG  ]  File ignored by hicexplorer because it exceeded search pattern filesize limit: ML7_trimmed_R1_fastqc.html
[2022-02-02 17:25:38,638] multiqc                                            [DEBUG  ]  File ignored by nanostat because it exceeded search pattern filesize limit: ML7_trimmed_R1_fastqc.html
[2022-02-02 17:25:38,638] multiqc                                            [DEBUG  ]  File ignored by lima/summary because it exceeded search pattern filesize limit: ML7_trimmed_R1_fastqc.html
[2022-02-02 17:25:38,648] multiqc                                            [DEBUG  ]  File ignored by vep/vep_txt because it exceeded search pattern filesize limit: ML7_trimmed_R1_fastqc.html
[2022-02-02 17:25:38,648] multiqc                                            [DEBUG  ]  File ignored by longranger/invocation because it exceeded search pattern filesize limit: ML7_trimmed_R1_fastqc.html
[2022-02-02 17:25:38,648] multiqc                                            [DEBUG  ]  File ignored by rockhopper because it exceeded search pattern filesize limit: ML7_trimmed_R1_fastqc.html
[2022-02-02 17:25:38,648] multiqc                                            [DEBUG  ]  File ignored by rseqc/bam_stat because it exceeded search pattern filesize limit: ML7_trimmed_R1_fastqc.html
[2022-02-02 17:25:38,648] multiqc                                            [DEBUG  ]  File ignored by rseqc/junction_annotation because it exceeded search pattern filesize limit: ML7_trimmed_R1_fastqc.html
[2022-02-02 17:25:38,648] multiqc                                            [DEBUG  ]  File ignored by rseqc/read_distribution because it exceeded search pattern filesize limit: ML7_trimmed_R1_fastqc.html
[2022-02-02 17:25:38,648] multiqc                                            [DEBUG  ]  File ignored by rseqc/infer_experiment because it exceeded search pattern filesize limit: ML7_trimmed_R1_fastqc.html
[2022-02-02 17:25:38,737] multiqc                                            [DEBUG  ]  File ignored by ccs/v4 because it exceeded search pattern filesize limit: MVol2_trimmed_R1_fastqc.html
[2022-02-02 17:25:38,742] multiqc                                            [DEBUG  ]  File ignored by hicexplorer because it exceeded search pattern filesize limit: MVol2_trimmed_R1_fastqc.html
[2022-02-02 17:25:38,743] multiqc                                            [DEBUG  ]  File ignored by nanostat because it exceeded search pattern filesize limit: MVol2_trimmed_R1_fastqc.html
[2022-02-02 17:25:38,743] multiqc                                            [DEBUG  ]  File ignored by lima/summary because it exceeded search pattern filesize limit: MVol2_trimmed_R1_fastqc.html
[2022-02-02 17:25:38,753] multiqc                                            [DEBUG  ]  File ignored by vep/vep_txt because it exceeded search pattern filesize limit: MVol2_trimmed_R1_fastqc.html
[2022-02-02 17:25:38,753] multiqc                                            [DEBUG  ]  File ignored by longranger/invocation because it exceeded search pattern filesize limit: MVol2_trimmed_R1_fastqc.html
[2022-02-02 17:25:38,753] multiqc                                            [DEBUG  ]  File ignored by rockhopper because it exceeded search pattern filesize limit: MVol2_trimmed_R1_fastqc.html
[2022-02-02 17:25:38,753] multiqc                                            [DEBUG  ]  File ignored by rseqc/bam_stat because it exceeded search pattern filesize limit: MVol2_trimmed_R1_fastqc.html
[2022-02-02 17:25:38,753] multiqc                                            [DEBUG  ]  File ignored by rseqc/junction_annotation because it exceeded search pattern filesize limit: MVol2_trimmed_R1_fastqc.html
[2022-02-02 17:25:38,753] multiqc                                            [DEBUG  ]  File ignored by rseqc/read_distribution because it exceeded search pattern filesize limit: MVol2_trimmed_R1_fastqc.html
[2022-02-02 17:25:38,753] multiqc                                            [DEBUG  ]  File ignored by rseqc/infer_experiment because it exceeded search pattern filesize limit: MVol2_trimmed_R1_fastqc.html
[2022-02-02 17:25:38,840] multiqc                                            [DEBUG  ]  File ignored by ccs/v4 because it exceeded search pattern filesize limit: MVol2_trimmed_R2_fastqc.html
[2022-02-02 17:25:38,845] multiqc                                            [DEBUG  ]  File ignored by hicexplorer because it exceeded search pattern filesize limit: MVol2_trimmed_R2_fastqc.html
[2022-02-02 17:25:38,846] multiqc                                            [DEBUG  ]  File ignored by nanostat because it exceeded search pattern filesize limit: MVol2_trimmed_R2_fastqc.html
[2022-02-02 17:25:38,846] multiqc                                            [DEBUG  ]  File ignored by lima/summary because it exceeded search pattern filesize limit: MVol2_trimmed_R2_fastqc.html
[2022-02-02 17:25:38,855] multiqc                                            [DEBUG  ]  File ignored by vep/vep_txt because it exceeded search pattern filesize limit: MVol2_trimmed_R2_fastqc.html
[2022-02-02 17:25:38,855] multiqc                                            [DEBUG  ]  File ignored by longranger/invocation because it exceeded search pattern filesize limit: MVol2_trimmed_R2_fastqc.html
[2022-02-02 17:25:38,855] multiqc                                            [DEBUG  ]  File ignored by rockhopper because it exceeded search pattern filesize limit: MVol2_trimmed_R2_fastqc.html
[2022-02-02 17:25:38,855] multiqc                                            [DEBUG  ]  File ignored by rseqc/bam_stat because it exceeded search pattern filesize limit: MVol2_trimmed_R2_fastqc.html
[2022-02-02 17:25:38,855] multiqc                                            [DEBUG  ]  File ignored by rseqc/junction_annotation because it exceeded search pattern filesize limit: MVol2_trimmed_R2_fastqc.html
[2022-02-02 17:25:38,856] multiqc                                            [DEBUG  ]  File ignored by rseqc/read_distribution because it exceeded search pattern filesize limit: MVol2_trimmed_R2_fastqc.html
[2022-02-02 17:25:38,856] multiqc                                            [DEBUG  ]  File ignored by rseqc/infer_experiment because it exceeded search pattern filesize limit: MVol2_trimmed_R2_fastqc.html
[2022-02-02 17:25:38,945] multiqc                                            [DEBUG  ]  File ignored by ccs/v4 because it exceeded search pattern filesize limit: B1S1-2_trimmed_R1_fastqc.html
[2022-02-02 17:25:38,951] multiqc                                            [DEBUG  ]  File ignored by hicexplorer because it exceeded search pattern filesize limit: B1S1-2_trimmed_R1_fastqc.html
[2022-02-02 17:25:38,952] multiqc                                            [DEBUG  ]  File ignored by nanostat because it exceeded search pattern filesize limit: B1S1-2_trimmed_R1_fastqc.html
[2022-02-02 17:25:38,952] multiqc                                            [DEBUG  ]  File ignored by lima/summary because it exceeded search pattern filesize limit: B1S1-2_trimmed_R1_fastqc.html
[2022-02-02 17:25:38,962] multiqc                                            [DEBUG  ]  File ignored by vep/vep_txt because it exceeded search pattern filesize limit: B1S1-2_trimmed_R1_fastqc.html
[2022-02-02 17:25:38,962] multiqc                                            [DEBUG  ]  File ignored by longranger/invocation because it exceeded search pattern filesize limit: B1S1-2_trimmed_R1_fastqc.html
[2022-02-02 17:25:38,962] multiqc                                            [DEBUG  ]  File ignored by rockhopper because it exceeded search pattern filesize limit: B1S1-2_trimmed_R1_fastqc.html
[2022-02-02 17:25:38,962] multiqc                                            [DEBUG  ]  File ignored by rseqc/bam_stat because it exceeded search pattern filesize limit: B1S1-2_trimmed_R1_fastqc.html
[2022-02-02 17:25:38,962] multiqc                                            [DEBUG  ]  File ignored by rseqc/junction_annotation because it exceeded search pattern filesize limit: B1S1-2_trimmed_R1_fastqc.html
[2022-02-02 17:25:38,962] multiqc                                            [DEBUG  ]  File ignored by rseqc/read_distribution because it exceeded search pattern filesize limit: B1S1-2_trimmed_R1_fastqc.html
[2022-02-02 17:25:38,962] multiqc                                            [DEBUG  ]  File ignored by rseqc/infer_experiment because it exceeded search pattern filesize limit: B1S1-2_trimmed_R1_fastqc.html
[2022-02-02 17:25:39,050] multiqc                                            [DEBUG  ]  File ignored by ccs/v4 because it exceeded search pattern filesize limit: B1S1-3_trimmed_R2_fastqc.html
[2022-02-02 17:25:39,056] multiqc                                            [DEBUG  ]  File ignored by hicexplorer because it exceeded search pattern filesize limit: B1S1-3_trimmed_R2_fastqc.html
[2022-02-02 17:25:39,057] multiqc                                            [DEBUG  ]  File ignored by nanostat because it exceeded search pattern filesize limit: B1S1-3_trimmed_R2_fastqc.html
[2022-02-02 17:25:39,057] multiqc                                            [DEBUG  ]  File ignored by lima/summary because it exceeded search pattern filesize limit: B1S1-3_trimmed_R2_fastqc.html
[2022-02-02 17:25:39,068] multiqc                                            [DEBUG  ]  File ignored by vep/vep_txt because it exceeded search pattern filesize limit: B1S1-3_trimmed_R2_fastqc.html
[2022-02-02 17:25:39,068] multiqc                                            [DEBUG  ]  File ignored by longranger/invocation because it exceeded search pattern filesize limit: B1S1-3_trimmed_R2_fastqc.html
[2022-02-02 17:25:39,068] multiqc                                            [DEBUG  ]  File ignored by rockhopper because it exceeded search pattern filesize limit: B1S1-3_trimmed_R2_fastqc.html
[2022-02-02 17:25:39,068] multiqc                                            [DEBUG  ]  File ignored by rseqc/bam_stat because it exceeded search pattern filesize limit: B1S1-3_trimmed_R2_fastqc.html
[2022-02-02 17:25:39,068] multiqc                                            [DEBUG  ]  File ignored by rseqc/junction_annotation because it exceeded search pattern filesize limit: B1S1-3_trimmed_R2_fastqc.html
[2022-02-02 17:25:39,068] multiqc                                            [DEBUG  ]  File ignored by rseqc/read_distribution because it exceeded search pattern filesize limit: B1S1-3_trimmed_R2_fastqc.html
[2022-02-02 17:25:39,068] multiqc                                            [DEBUG  ]  File ignored by rseqc/infer_experiment because it exceeded search pattern filesize limit: B1S1-3_trimmed_R2_fastqc.html
[2022-02-02 17:25:39,158] multiqc                                            [DEBUG  ]  File ignored by ccs/v4 because it exceeded search pattern filesize limit: B1S1-2_trimmed_R2_fastqc.html
[2022-02-02 17:25:39,163] multiqc                                            [DEBUG  ]  File ignored by hicexplorer because it exceeded search pattern filesize limit: B1S1-2_trimmed_R2_fastqc.html
[2022-02-02 17:25:39,164] multiqc                                            [DEBUG  ]  File ignored by nanostat because it exceeded search pattern filesize limit: B1S1-2_trimmed_R2_fastqc.html
[2022-02-02 17:25:39,164] multiqc                                            [DEBUG  ]  File ignored by lima/summary because it exceeded search pattern filesize limit: B1S1-2_trimmed_R2_fastqc.html
[2022-02-02 17:25:39,175] multiqc                                            [DEBUG  ]  File ignored by vep/vep_txt because it exceeded search pattern filesize limit: B1S1-2_trimmed_R2_fastqc.html
[2022-02-02 17:25:39,175] multiqc                                            [DEBUG  ]  File ignored by longranger/invocation because it exceeded search pattern filesize limit: B1S1-2_trimmed_R2_fastqc.html
[2022-02-02 17:25:39,175] multiqc                                            [DEBUG  ]  File ignored by rockhopper because it exceeded search pattern filesize limit: B1S1-2_trimmed_R2_fastqc.html
[2022-02-02 17:25:39,175] multiqc                                            [DEBUG  ]  File ignored by rseqc/bam_stat because it exceeded search pattern filesize limit: B1S1-2_trimmed_R2_fastqc.html
[2022-02-02 17:25:39,175] multiqc                                            [DEBUG  ]  File ignored by rseqc/junction_annotation because it exceeded search pattern filesize limit: B1S1-2_trimmed_R2_fastqc.html
[2022-02-02 17:25:39,175] multiqc                                            [DEBUG  ]  File ignored by rseqc/read_distribution because it exceeded search pattern filesize limit: B1S1-2_trimmed_R2_fastqc.html
[2022-02-02 17:25:39,175] multiqc                                            [DEBUG  ]  File ignored by rseqc/infer_experiment because it exceeded search pattern filesize limit: B1S1-2_trimmed_R2_fastqc.html
[2022-02-02 17:25:39,267] multiqc                                            [DEBUG  ]  File ignored by ccs/v4 because it exceeded search pattern filesize limit: B1S1-3_trimmed_R1_fastqc.html
[2022-02-02 17:25:39,273] multiqc                                            [DEBUG  ]  File ignored by hicexplorer because it exceeded search pattern filesize limit: B1S1-3_trimmed_R1_fastqc.html
[2022-02-02 17:25:39,274] multiqc                                            [DEBUG  ]  File ignored by nanostat because it exceeded search pattern filesize limit: B1S1-3_trimmed_R1_fastqc.html
[2022-02-02 17:25:39,274] multiqc                                            [DEBUG  ]  File ignored by lima/summary because it exceeded search pattern filesize limit: B1S1-3_trimmed_R1_fastqc.html
[2022-02-02 17:25:39,283] multiqc                                            [DEBUG  ]  File ignored by vep/vep_txt because it exceeded search pattern filesize limit: B1S1-3_trimmed_R1_fastqc.html
[2022-02-02 17:25:39,284] multiqc                                            [DEBUG  ]  File ignored by longranger/invocation because it exceeded search pattern filesize limit: B1S1-3_trimmed_R1_fastqc.html
[2022-02-02 17:25:39,284] multiqc                                            [DEBUG  ]  File ignored by rockhopper because it exceeded search pattern filesize limit: B1S1-3_trimmed_R1_fastqc.html
[2022-02-02 17:25:39,284] multiqc                                            [DEBUG  ]  File ignored by rseqc/bam_stat because it exceeded search pattern filesize limit: B1S1-3_trimmed_R1_fastqc.html
[2022-02-02 17:25:39,284] multiqc                                            [DEBUG  ]  File ignored by rseqc/junction_annotation because it exceeded search pattern filesize limit: B1S1-3_trimmed_R1_fastqc.html
[2022-02-02 17:25:39,284] multiqc                                            [DEBUG  ]  File ignored by rseqc/read_distribution because it exceeded search pattern filesize limit: B1S1-3_trimmed_R1_fastqc.html
[2022-02-02 17:25:39,284] multiqc                                            [DEBUG  ]  File ignored by rseqc/infer_experiment because it exceeded search pattern filesize limit: B1S1-3_trimmed_R1_fastqc.html
[2022-02-02 17:25:39,370] multiqc                                            [DEBUG  ]  File ignored by ccs/v4 because it exceeded search pattern filesize limit: B1S1-4_trimmed_R1_fastqc.html
[2022-02-02 17:25:39,375] multiqc                                            [DEBUG  ]  File ignored by hicexplorer because it exceeded search pattern filesize limit: B1S1-4_trimmed_R1_fastqc.html
[2022-02-02 17:25:39,376] multiqc                                            [DEBUG  ]  File ignored by nanostat because it exceeded search pattern filesize limit: B1S1-4_trimmed_R1_fastqc.html
[2022-02-02 17:25:39,376] multiqc                                            [DEBUG  ]  File ignored by lima/summary because it exceeded search pattern filesize limit: B1S1-4_trimmed_R1_fastqc.html
[2022-02-02 17:25:39,385] multiqc                                            [DEBUG  ]  File ignored by vep/vep_txt because it exceeded search pattern filesize limit: B1S1-4_trimmed_R1_fastqc.html
[2022-02-02 17:25:39,385] multiqc                                            [DEBUG  ]  File ignored by longranger/invocation because it exceeded search pattern filesize limit: B1S1-4_trimmed_R1_fastqc.html
[2022-02-02 17:25:39,385] multiqc                                            [DEBUG  ]  File ignored by rockhopper because it exceeded search pattern filesize limit: B1S1-4_trimmed_R1_fastqc.html
[2022-02-02 17:25:39,385] multiqc                                            [DEBUG  ]  File ignored by rseqc/bam_stat because it exceeded search pattern filesize limit: B1S1-4_trimmed_R1_fastqc.html
[2022-02-02 17:25:39,385] multiqc                                            [DEBUG  ]  File ignored by rseqc/junction_annotation because it exceeded search pattern filesize limit: B1S1-4_trimmed_R1_fastqc.html
[2022-02-02 17:25:39,385] multiqc                                            [DEBUG  ]  File ignored by rseqc/read_distribution because it exceeded search pattern filesize limit: B1S1-4_trimmed_R1_fastqc.html
[2022-02-02 17:25:39,385] multiqc                                            [DEBUG  ]  File ignored by rseqc/infer_experiment because it exceeded search pattern filesize limit: B1S1-4_trimmed_R1_fastqc.html
[2022-02-02 17:25:39,475] multiqc                                            [DEBUG  ]  File ignored by ccs/v4 because it exceeded search pattern filesize limit: B1S1-4_trimmed_R2_fastqc.html
[2022-02-02 17:25:39,481] multiqc                                            [DEBUG  ]  File ignored by hicexplorer because it exceeded search pattern filesize limit: B1S1-4_trimmed_R2_fastqc.html
[2022-02-02 17:25:39,482] multiqc                                            [DEBUG  ]  File ignored by nanostat because it exceeded search pattern filesize limit: B1S1-4_trimmed_R2_fastqc.html
[2022-02-02 17:25:39,482] multiqc                                            [DEBUG  ]  File ignored by lima/summary because it exceeded search pattern filesize limit: B1S1-4_trimmed_R2_fastqc.html
[2022-02-02 17:25:39,492] multiqc                                            [DEBUG  ]  File ignored by vep/vep_txt because it exceeded search pattern filesize limit: B1S1-4_trimmed_R2_fastqc.html
[2022-02-02 17:25:39,492] multiqc                                            [DEBUG  ]  File ignored by longranger/invocation because it exceeded search pattern filesize limit: B1S1-4_trimmed_R2_fastqc.html
[2022-02-02 17:25:39,492] multiqc                                            [DEBUG  ]  File ignored by rockhopper because it exceeded search pattern filesize limit: B1S1-4_trimmed_R2_fastqc.html
[2022-02-02 17:25:39,492] multiqc                                            [DEBUG  ]  File ignored by rseqc/bam_stat because it exceeded search pattern filesize limit: B1S1-4_trimmed_R2_fastqc.html
[2022-02-02 17:25:39,492] multiqc                                            [DEBUG  ]  File ignored by rseqc/junction_annotation because it exceeded search pattern filesize limit: B1S1-4_trimmed_R2_fastqc.html
[2022-02-02 17:25:39,492] multiqc                                            [DEBUG  ]  File ignored by rseqc/read_distribution because it exceeded search pattern filesize limit: B1S1-4_trimmed_R2_fastqc.html
[2022-02-02 17:25:39,492] multiqc                                            [DEBUG  ]  File ignored by rseqc/infer_experiment because it exceeded search pattern filesize limit: B1S1-4_trimmed_R2_fastqc.html
[2022-02-02 17:25:39,583] multiqc                                            [DEBUG  ]  File ignored by ccs/v4 because it exceeded search pattern filesize limit: MVol2_S68_L001_R2_001_fastqc.html
[2022-02-02 17:25:39,589] multiqc                                            [DEBUG  ]  File ignored by hicexplorer because it exceeded search pattern filesize limit: MVol2_S68_L001_R2_001_fastqc.html
[2022-02-02 17:25:39,590] multiqc                                            [DEBUG  ]  File ignored by nanostat because it exceeded search pattern filesize limit: MVol2_S68_L001_R2_001_fastqc.html
[2022-02-02 17:25:39,590] multiqc                                            [DEBUG  ]  File ignored by lima/summary because it exceeded search pattern filesize limit: MVol2_S68_L001_R2_001_fastqc.html
[2022-02-02 17:25:39,599] multiqc                                            [DEBUG  ]  File ignored by vep/vep_txt because it exceeded search pattern filesize limit: MVol2_S68_L001_R2_001_fastqc.html
[2022-02-02 17:25:39,600] multiqc                                            [DEBUG  ]  File ignored by longranger/invocation because it exceeded search pattern filesize limit: MVol2_S68_L001_R2_001_fastqc.html
[2022-02-02 17:25:39,600] multiqc                                            [DEBUG  ]  File ignored by rockhopper because it exceeded search pattern filesize limit: MVol2_S68_L001_R2_001_fastqc.html
[2022-02-02 17:25:39,600] multiqc                                            [DEBUG  ]  File ignored by rseqc/bam_stat because it exceeded search pattern filesize limit: MVol2_S68_L001_R2_001_fastqc.html
[2022-02-02 17:25:39,600] multiqc                                            [DEBUG  ]  File ignored by rseqc/junction_annotation because it exceeded search pattern filesize limit: MVol2_S68_L001_R2_001_fastqc.html
[2022-02-02 17:25:39,600] multiqc                                            [DEBUG  ]  File ignored by rseqc/read_distribution because it exceeded search pattern filesize limit: MVol2_S68_L001_R2_001_fastqc.html
[2022-02-02 17:25:39,600] multiqc                                            [DEBUG  ]  File ignored by rseqc/infer_experiment because it exceeded search pattern filesize limit: MVol2_S68_L001_R2_001_fastqc.html
[2022-02-02 17:25:39,692] multiqc                                            [DEBUG  ]  File ignored by ccs/v4 because it exceeded search pattern filesize limit: MVol2_S68_L001_R1_001_fastqc.html
[2022-02-02 17:25:39,697] multiqc                                            [DEBUG  ]  File ignored by hicexplorer because it exceeded search pattern filesize limit: MVol2_S68_L001_R1_001_fastqc.html
[2022-02-02 17:25:39,698] multiqc                                            [DEBUG  ]  File ignored by nanostat because it exceeded search pattern filesize limit: MVol2_S68_L001_R1_001_fastqc.html
[2022-02-02 17:25:39,698] multiqc                                            [DEBUG  ]  File ignored by lima/summary because it exceeded search pattern filesize limit: MVol2_S68_L001_R1_001_fastqc.html
[2022-02-02 17:25:39,708] multiqc                                            [DEBUG  ]  File ignored by vep/vep_txt because it exceeded search pattern filesize limit: MVol2_S68_L001_R1_001_fastqc.html
[2022-02-02 17:25:39,708] multiqc                                            [DEBUG  ]  File ignored by longranger/invocation because it exceeded search pattern filesize limit: MVol2_S68_L001_R1_001_fastqc.html
[2022-02-02 17:25:39,708] multiqc                                            [DEBUG  ]  File ignored by rockhopper because it exceeded search pattern filesize limit: MVol2_S68_L001_R1_001_fastqc.html
[2022-02-02 17:25:39,708] multiqc                                            [DEBUG  ]  File ignored by rseqc/bam_stat because it exceeded search pattern filesize limit: MVol2_S68_L001_R1_001_fastqc.html
[2022-02-02 17:25:39,708] multiqc                                            [DEBUG  ]  File ignored by rseqc/junction_annotation because it exceeded search pattern filesize limit: MVol2_S68_L001_R1_001_fastqc.html
[2022-02-02 17:25:39,708] multiqc                                            [DEBUG  ]  File ignored by rseqc/read_distribution because it exceeded search pattern filesize limit: MVol2_S68_L001_R1_001_fastqc.html
[2022-02-02 17:25:39,708] multiqc                                            [DEBUG  ]  File ignored by rseqc/infer_experiment because it exceeded search pattern filesize limit: MVol2_S68_L001_R1_001_fastqc.html
[2022-02-02 17:25:39,797] multiqc                                            [DEBUG  ]  File ignored by ccs/v4 because it exceeded search pattern filesize limit: B1S1-2_S64_L001_R2_001_fastqc.html
[2022-02-02 17:25:39,803] multiqc                                            [DEBUG  ]  File ignored by hicexplorer because it exceeded search pattern filesize limit: B1S1-2_S64_L001_R2_001_fastqc.html
[2022-02-02 17:25:39,804] multiqc                                            [DEBUG  ]  File ignored by nanostat because it exceeded search pattern filesize limit: B1S1-2_S64_L001_R2_001_fastqc.html
[2022-02-02 17:25:39,804] multiqc                                            [DEBUG  ]  File ignored by lima/summary because it exceeded search pattern filesize limit: B1S1-2_S64_L001_R2_001_fastqc.html
[2022-02-02 17:25:39,814] multiqc                                            [DEBUG  ]  File ignored by vep/vep_txt because it exceeded search pattern filesize limit: B1S1-2_S64_L001_R2_001_fastqc.html
[2022-02-02 17:25:39,814] multiqc                                            [DEBUG  ]  File ignored by longranger/invocation because it exceeded search pattern filesize limit: B1S1-2_S64_L001_R2_001_fastqc.html
[2022-02-02 17:25:39,814] multiqc                                            [DEBUG  ]  File ignored by rockhopper because it exceeded search pattern filesize limit: B1S1-2_S64_L001_R2_001_fastqc.html
[2022-02-02 17:25:39,814] multiqc                                            [DEBUG  ]  File ignored by rseqc/bam_stat because it exceeded search pattern filesize limit: B1S1-2_S64_L001_R2_001_fastqc.html
[2022-02-02 17:25:39,814] multiqc                                            [DEBUG  ]  File ignored by rseqc/junction_annotation because it exceeded search pattern filesize limit: B1S1-2_S64_L001_R2_001_fastqc.html
[2022-02-02 17:25:39,814] multiqc                                            [DEBUG  ]  File ignored by rseqc/read_distribution because it exceeded search pattern filesize limit: B1S1-2_S64_L001_R2_001_fastqc.html
[2022-02-02 17:25:39,814] multiqc                                            [DEBUG  ]  File ignored by rseqc/infer_experiment because it exceeded search pattern filesize limit: B1S1-2_S64_L001_R2_001_fastqc.html
[2022-02-02 17:25:40,017] multiqc                                            [DEBUG  ]  File ignored by ccs/v4 because it exceeded search pattern filesize limit: B1S1-3_S65_L001_R1_001_fastqc.html
[2022-02-02 17:25:40,027] multiqc                                            [DEBUG  ]  File ignored by hicexplorer because it exceeded search pattern filesize limit: B1S1-3_S65_L001_R1_001_fastqc.html
[2022-02-02 17:25:40,028] multiqc                                            [DEBUG  ]  File ignored by nanostat because it exceeded search pattern filesize limit: B1S1-3_S65_L001_R1_001_fastqc.html
[2022-02-02 17:25:40,028] multiqc                                            [DEBUG  ]  File ignored by lima/summary because it exceeded search pattern filesize limit: B1S1-3_S65_L001_R1_001_fastqc.html
[2022-02-02 17:25:40,045] multiqc                                            [DEBUG  ]  File ignored by vep/vep_txt because it exceeded search pattern filesize limit: B1S1-3_S65_L001_R1_001_fastqc.html
[2022-02-02 17:25:40,046] multiqc                                            [DEBUG  ]  File ignored by longranger/invocation because it exceeded search pattern filesize limit: B1S1-3_S65_L001_R1_001_fastqc.html
[2022-02-02 17:25:40,046] multiqc                                            [DEBUG  ]  File ignored by rockhopper because it exceeded search pattern filesize limit: B1S1-3_S65_L001_R1_001_fastqc.html
[2022-02-02 17:25:40,046] multiqc                                            [DEBUG  ]  File ignored by rseqc/bam_stat because it exceeded search pattern filesize limit: B1S1-3_S65_L001_R1_001_fastqc.html
[2022-02-02 17:25:40,046] multiqc                                            [DEBUG  ]  File ignored by rseqc/junction_annotation because it exceeded search pattern filesize limit: B1S1-3_S65_L001_R1_001_fastqc.html
[2022-02-02 17:25:40,046] multiqc                                            [DEBUG  ]  File ignored by rseqc/read_distribution because it exceeded search pattern filesize limit: B1S1-3_S65_L001_R1_001_fastqc.html
[2022-02-02 17:25:40,046] multiqc                                            [DEBUG  ]  File ignored by rseqc/infer_experiment because it exceeded search pattern filesize limit: B1S1-3_S65_L001_R1_001_fastqc.html
[2022-02-02 17:25:40,330] multiqc                                            [DEBUG  ]  File ignored by ccs/v4 because it exceeded search pattern filesize limit: B1S1-2_S64_L001_R1_001_fastqc.html
[2022-02-02 17:25:40,340] multiqc                                            [DEBUG  ]  File ignored by hicexplorer because it exceeded search pattern filesize limit: B1S1-2_S64_L001_R1_001_fastqc.html
[2022-02-02 17:25:40,341] multiqc                                            [DEBUG  ]  File ignored by nanostat because it exceeded search pattern filesize limit: B1S1-2_S64_L001_R1_001_fastqc.html
[2022-02-02 17:25:40,341] multiqc                                            [DEBUG  ]  File ignored by lima/summary because it exceeded search pattern filesize limit: B1S1-2_S64_L001_R1_001_fastqc.html
[2022-02-02 17:25:40,358] multiqc                                            [DEBUG  ]  File ignored by vep/vep_txt because it exceeded search pattern filesize limit: B1S1-2_S64_L001_R1_001_fastqc.html
[2022-02-02 17:25:40,358] multiqc                                            [DEBUG  ]  File ignored by longranger/invocation because it exceeded search pattern filesize limit: B1S1-2_S64_L001_R1_001_fastqc.html
[2022-02-02 17:25:40,358] multiqc                                            [DEBUG  ]  File ignored by rockhopper because it exceeded search pattern filesize limit: B1S1-2_S64_L001_R1_001_fastqc.html
[2022-02-02 17:25:40,358] multiqc                                            [DEBUG  ]  File ignored by rseqc/bam_stat because it exceeded search pattern filesize limit: B1S1-2_S64_L001_R1_001_fastqc.html
[2022-02-02 17:25:40,359] multiqc                                            [DEBUG  ]  File ignored by rseqc/junction_annotation because it exceeded search pattern filesize limit: B1S1-2_S64_L001_R1_001_fastqc.html
[2022-02-02 17:25:40,359] multiqc                                            [DEBUG  ]  File ignored by rseqc/read_distribution because it exceeded search pattern filesize limit: B1S1-2_S64_L001_R1_001_fastqc.html
[2022-02-02 17:25:40,359] multiqc                                            [DEBUG  ]  File ignored by rseqc/infer_experiment because it exceeded search pattern filesize limit: B1S1-2_S64_L001_R1_001_fastqc.html
[2022-02-02 17:25:40,584] multiqc                                            [DEBUG  ]  File ignored by ccs/v4 because it exceeded search pattern filesize limit: B1S1-3_S65_L001_R2_001_fastqc.html
[2022-02-02 17:25:40,594] multiqc                                            [DEBUG  ]  File ignored by hicexplorer because it exceeded search pattern filesize limit: B1S1-3_S65_L001_R2_001_fastqc.html
[2022-02-02 17:25:40,595] multiqc                                            [DEBUG  ]  File ignored by nanostat because it exceeded search pattern filesize limit: B1S1-3_S65_L001_R2_001_fastqc.html
[2022-02-02 17:25:40,595] multiqc                                            [DEBUG  ]  File ignored by lima/summary because it exceeded search pattern filesize limit: B1S1-3_S65_L001_R2_001_fastqc.html
[2022-02-02 17:25:40,611] multiqc                                            [DEBUG  ]  File ignored by vep/vep_txt because it exceeded search pattern filesize limit: B1S1-3_S65_L001_R2_001_fastqc.html
[2022-02-02 17:25:40,612] multiqc                                            [DEBUG  ]  File ignored by longranger/invocation because it exceeded search pattern filesize limit: B1S1-3_S65_L001_R2_001_fastqc.html
[2022-02-02 17:25:40,612] multiqc                                            [DEBUG  ]  File ignored by rockhopper because it exceeded search pattern filesize limit: B1S1-3_S65_L001_R2_001_fastqc.html
[2022-02-02 17:25:40,612] multiqc                                            [DEBUG  ]  File ignored by rseqc/bam_stat because it exceeded search pattern filesize limit: B1S1-3_S65_L001_R2_001_fastqc.html
[2022-02-02 17:25:40,612] multiqc                                            [DEBUG  ]  File ignored by rseqc/junction_annotation because it exceeded search pattern filesize limit: B1S1-3_S65_L001_R2_001_fastqc.html
[2022-02-02 17:25:40,612] multiqc                                            [DEBUG  ]  File ignored by rseqc/read_distribution because it exceeded search pattern filesize limit: B1S1-3_S65_L001_R2_001_fastqc.html
[2022-02-02 17:25:40,612] multiqc                                            [DEBUG  ]  File ignored by rseqc/infer_experiment because it exceeded search pattern filesize limit: B1S1-3_S65_L001_R2_001_fastqc.html
[2022-02-02 17:25:40,792] multiqc                                            [DEBUG  ]  File ignored by ccs/v4 because it exceeded search pattern filesize limit: B1S1-4_S66_L001_R1_001_fastqc.html
[2022-02-02 17:25:40,798] multiqc                                            [DEBUG  ]  File ignored by hicexplorer because it exceeded search pattern filesize limit: B1S1-4_S66_L001_R1_001_fastqc.html
[2022-02-02 17:25:40,799] multiqc                                            [DEBUG  ]  File ignored by nanostat because it exceeded search pattern filesize limit: B1S1-4_S66_L001_R1_001_fastqc.html
[2022-02-02 17:25:40,799] multiqc                                            [DEBUG  ]  File ignored by lima/summary because it exceeded search pattern filesize limit: B1S1-4_S66_L001_R1_001_fastqc.html
[2022-02-02 17:25:40,812] multiqc                                            [DEBUG  ]  File ignored by vep/vep_txt because it exceeded search pattern filesize limit: B1S1-4_S66_L001_R1_001_fastqc.html
[2022-02-02 17:25:40,812] multiqc                                            [DEBUG  ]  File ignored by longranger/invocation because it exceeded search pattern filesize limit: B1S1-4_S66_L001_R1_001_fastqc.html
[2022-02-02 17:25:40,812] multiqc                                            [DEBUG  ]  File ignored by rockhopper because it exceeded search pattern filesize limit: B1S1-4_S66_L001_R1_001_fastqc.html
[2022-02-02 17:25:40,812] multiqc                                            [DEBUG  ]  File ignored by rseqc/bam_stat because it exceeded search pattern filesize limit: B1S1-4_S66_L001_R1_001_fastqc.html
[2022-02-02 17:25:40,812] multiqc                                            [DEBUG  ]  File ignored by rseqc/junction_annotation because it exceeded search pattern filesize limit: B1S1-4_S66_L001_R1_001_fastqc.html
[2022-02-02 17:25:40,812] multiqc                                            [DEBUG  ]  File ignored by rseqc/read_distribution because it exceeded search pattern filesize limit: B1S1-4_S66_L001_R1_001_fastqc.html
[2022-02-02 17:25:40,812] multiqc                                            [DEBUG  ]  File ignored by rseqc/infer_experiment because it exceeded search pattern filesize limit: B1S1-4_S66_L001_R1_001_fastqc.html
[2022-02-02 17:25:40,933] multiqc                                            [DEBUG  ]  File ignored by ccs/v4 because it exceeded search pattern filesize limit: B1S1-4_S66_L001_R2_001_fastqc.html
[2022-02-02 17:25:40,938] multiqc                                            [DEBUG  ]  File ignored by hicexplorer because it exceeded search pattern filesize limit: B1S1-4_S66_L001_R2_001_fastqc.html
[2022-02-02 17:25:40,949] multiqc                                            [DEBUG  ]  File ignored by nanostat because it exceeded search pattern filesize limit: B1S1-4_S66_L001_R2_001_fastqc.html
[2022-02-02 17:25:40,949] multiqc                                            [DEBUG  ]  File ignored by lima/summary because it exceeded search pattern filesize limit: B1S1-4_S66_L001_R2_001_fastqc.html
[2022-02-02 17:25:40,966] multiqc                                            [DEBUG  ]  File ignored by vep/vep_txt because it exceeded search pattern filesize limit: B1S1-4_S66_L001_R2_001_fastqc.html
[2022-02-02 17:25:40,966] multiqc                                            [DEBUG  ]  File ignored by longranger/invocation because it exceeded search pattern filesize limit: B1S1-4_S66_L001_R2_001_fastqc.html
[2022-02-02 17:25:40,966] multiqc                                            [DEBUG  ]  File ignored by rockhopper because it exceeded search pattern filesize limit: B1S1-4_S66_L001_R2_001_fastqc.html
[2022-02-02 17:25:40,966] multiqc                                            [DEBUG  ]  File ignored by rseqc/bam_stat because it exceeded search pattern filesize limit: B1S1-4_S66_L001_R2_001_fastqc.html
[2022-02-02 17:25:40,966] multiqc                                            [DEBUG  ]  File ignored by rseqc/junction_annotation because it exceeded search pattern filesize limit: B1S1-4_S66_L001_R2_001_fastqc.html
[2022-02-02 17:25:40,966] multiqc                                            [DEBUG  ]  File ignored by rseqc/read_distribution because it exceeded search pattern filesize limit: B1S1-4_S66_L001_R2_001_fastqc.html
[2022-02-02 17:25:40,966] multiqc                                            [DEBUG  ]  File ignored by rseqc/infer_experiment because it exceeded search pattern filesize limit: B1S1-4_S66_L001_R2_001_fastqc.html
[2022-02-02 17:25:42,385] multiqc.plots.bargraph                             [DEBUG  ]  Using matplotlib version 3.5.1
[2022-02-02 17:25:42,386] multiqc.plots.linegraph                            [DEBUG  ]  Using matplotlib version 3.5.1
[2022-02-02 17:25:42,387] multiqc                                            [DEBUG  ]  No samples found: custom_content
[2022-02-02 17:25:42,391] multiqc                                            [DEBUG  ]  No samples found: ccs
[2022-02-02 17:25:42,395] multiqc                                            [DEBUG  ]  No samples found: ngsderive
[2022-02-02 17:25:42,398] multiqc                                            [DEBUG  ]  No samples found: purple
[2022-02-02 17:25:42,402] multiqc                                            [DEBUG  ]  No samples found: conpair
[2022-02-02 17:25:42,405] multiqc                                            [DEBUG  ]  No samples found: lima
[2022-02-02 17:25:42,409] multiqc                                            [DEBUG  ]  No samples found: peddy
[2022-02-02 17:25:42,412] multiqc                                            [DEBUG  ]  No samples found: somalier
[2022-02-02 17:25:42,415] multiqc                                            [DEBUG  ]  No samples found: methylQA
[2022-02-02 17:25:42,421] multiqc.modules.mosdepth.mosdepth                  [DEBUG  ]  include_contigs: []
[2022-02-02 17:25:42,421] multiqc.modules.mosdepth.mosdepth                  [DEBUG  ]  exclude_contigs: []
[2022-02-02 17:25:42,421] multiqc                                            [DEBUG  ]  No samples found: mosdepth
[2022-02-02 17:25:42,425] multiqc                                            [DEBUG  ]  No samples found: phantompeakqualtools
[2022-02-02 17:25:42,427] multiqc                                            [DEBUG  ]  No samples found: qualimap
[2022-02-02 17:25:42,431] multiqc                                            [DEBUG  ]  No samples found: preseq
[2022-02-02 17:25:42,434] multiqc                                            [DEBUG  ]  No samples found: quast
[2022-02-02 17:25:42,438] multiqc                                            [DEBUG  ]  No samples found: qorts
[2022-02-02 17:25:42,441] multiqc                                            [DEBUG  ]  No samples found: rna_seqc
[2022-02-02 17:25:42,445] multiqc                                            [DEBUG  ]  No samples found: rockhopper
[2022-02-02 17:25:42,448] multiqc                                            [DEBUG  ]  No samples found: rsem
[2022-02-02 17:25:42,457] multiqc                                            [DEBUG  ]  No samples found: rseqc
[2022-02-02 17:25:42,460] multiqc                                            [DEBUG  ]  No samples found: busco
[2022-02-02 17:25:42,464] multiqc                                            [DEBUG  ]  No samples found: bustools
[2022-02-02 17:25:42,467] multiqc                                            [DEBUG  ]  No samples found: goleft_indexcov
[2022-02-02 17:25:42,471] multiqc                                            [DEBUG  ]  No samples found: gffcompare
[2022-02-02 17:25:42,475] multiqc                                            [DEBUG  ]  No samples found: disambiguate
[2022-02-02 17:25:42,478] multiqc                                            [DEBUG  ]  No samples found: supernova
[2022-02-02 17:25:42,486] multiqc                                            [DEBUG  ]  No samples found: deeptools
[2022-02-02 17:25:42,490] multiqc                                            [DEBUG  ]  No samples found: sargasso
[2022-02-02 17:25:42,493] multiqc                                            [DEBUG  ]  No samples found: verifybamid
[2022-02-02 17:25:42,497] multiqc                                            [DEBUG  ]  No samples found: mirtrace
[2022-02-02 17:25:42,500] multiqc                                            [DEBUG  ]  No samples found: happy
[2022-02-02 17:25:42,504] multiqc                                            [DEBUG  ]  No samples found: mirtop
[2022-02-02 17:25:42,508] multiqc                                            [DEBUG  ]  No samples found: sambamba
[2022-02-02 17:25:42,512] multiqc                                            [DEBUG  ]  No samples found: homer
[2022-02-02 17:25:42,516] multiqc                                            [DEBUG  ]  No samples found: hops
[2022-02-02 17:25:42,519] multiqc                                            [DEBUG  ]  No samples found: macs2
[2022-02-02 17:25:42,522] multiqc                                            [DEBUG  ]  No samples found: theta2
[2022-02-02 17:25:42,526] multiqc                                            [DEBUG  ]  No samples found: snpeff
[2022-02-02 17:25:42,530] multiqc                                            [DEBUG  ]  No samples found: gatk
[2022-02-02 17:25:42,534] multiqc                                            [DEBUG  ]  No samples found: htseq
[2022-02-02 17:25:42,538] multiqc                                            [DEBUG  ]  No samples found: bcftools
[2022-02-02 17:25:42,541] multiqc                                            [DEBUG  ]  No samples found: featureCounts
[2022-02-02 17:25:42,545] multiqc                                            [DEBUG  ]  No samples found: fgbio
[2022-02-02 17:25:42,554] multiqc                                            [DEBUG  ]  No samples found: dragen
[2022-02-02 17:25:42,557] multiqc                                            [DEBUG  ]  No samples found: dedup
[2022-02-02 17:25:42,561] multiqc                                            [DEBUG  ]  No samples found: damageprofiler
[2022-02-02 17:25:42,576] multiqc                                            [DEBUG  ]  No samples found: biobambam2
[2022-02-02 17:25:42,581] multiqc                                            [DEBUG  ]  No samples found: jcvi
[2022-02-02 17:25:42,584] multiqc                                            [DEBUG  ]  No samples found: mtnucratio
[2022-02-02 17:25:42,586] multiqc                                            [DEBUG  ]  No samples found: picard
[2022-02-02 17:25:42,590] multiqc                                            [DEBUG  ]  No samples found: vep
[2022-02-02 17:25:42,595] multiqc                                            [DEBUG  ]  No samples found: sentieon
[2022-02-02 17:25:42,598] multiqc                                            [DEBUG  ]  No samples found: prokka
[2022-02-02 17:25:42,602] multiqc                                            [DEBUG  ]  No samples found: qc3C
[2022-02-02 17:25:42,605] multiqc                                            [DEBUG  ]  No samples found: nanostat
[2022-02-02 17:25:42,609] multiqc                                            [DEBUG  ]  No samples found: samblaster
[2022-02-02 17:25:42,615] multiqc                                            [DEBUG  ]  No samples found: samtools
[2022-02-02 17:25:42,618] multiqc                                            [DEBUG  ]  No samples found: sexdeterrmine
[2022-02-02 17:25:42,622] multiqc                                            [DEBUG  ]  No samples found: eigenstratdatabasetools
[2022-02-02 17:25:42,626] multiqc                                            [DEBUG  ]  No samples found: bamtools
[2022-02-02 17:25:42,629] multiqc                                            [DEBUG  ]  No samples found: jellyfish
[2022-02-02 17:25:42,634] multiqc                                            [DEBUG  ]  No samples found: vcftools
[2022-02-02 17:25:42,638] multiqc                                            [DEBUG  ]  No samples found: longranger
[2022-02-02 17:25:42,641] multiqc                                            [DEBUG  ]  No samples found: stacks
[2022-02-02 17:25:42,645] multiqc                                            [DEBUG  ]  No samples found: varscan2
[2022-02-02 17:25:42,648] multiqc                                            [DEBUG  ]  No samples found: snippy
[2022-02-02 17:25:42,657] multiqc                                            [DEBUG  ]  No samples found: bbmap
[2022-02-02 17:25:42,660] multiqc                                            [DEBUG  ]  No samples found: bismark
[2022-02-02 17:25:42,664] multiqc                                            [DEBUG  ]  No samples found: biscuit
[2022-02-02 17:25:42,668] multiqc                                            [DEBUG  ]  No samples found: hicexplorer
[2022-02-02 17:25:42,671] multiqc                                            [DEBUG  ]  No samples found: hicup
[2022-02-02 17:25:42,675] multiqc                                            [DEBUG  ]  No samples found: hicpro
[2022-02-02 17:25:42,679] multiqc                                            [DEBUG  ]  No samples found: salmon
[2022-02-02 17:25:42,682] multiqc                                            [DEBUG  ]  No samples found: kallisto
[2022-02-02 17:25:42,686] multiqc                                            [DEBUG  ]  No samples found: slamdunk
[2022-02-02 17:25:42,689] multiqc                                            [DEBUG  ]  No samples found: star
[2022-02-02 17:25:42,692] multiqc                                            [DEBUG  ]  No samples found: hisat2
[2022-02-02 17:25:42,696] multiqc                                            [DEBUG  ]  No samples found: tophat
[2022-02-02 17:25:42,699] multiqc                                            [DEBUG  ]  No samples found: bowtie2
[2022-02-02 17:25:42,703] multiqc                                            [DEBUG  ]  No samples found: bowtie1
[2022-02-02 17:25:42,706] multiqc                                            [DEBUG  ]  No samples found: snpsplit
[2022-02-02 17:25:42,709] multiqc                                            [DEBUG  ]  No samples found: odgi
[2022-02-02 17:25:42,713] multiqc                                            [DEBUG  ]  No samples found: pangolin
[2022-02-02 17:25:42,716] multiqc                                            [DEBUG  ]  No samples found: kat
[2022-02-02 17:25:42,720] multiqc                                            [DEBUG  ]  No samples found: leehom
[2022-02-02 17:25:42,723] multiqc                                            [DEBUG  ]  No samples found: adapterRemoval
[2022-02-02 17:25:42,727] multiqc                                            [DEBUG  ]  No samples found: clipandmerge
[2022-02-02 17:25:42,731] multiqc                                            [DEBUG  ]  No samples found: cutadapt
[2022-02-02 17:25:42,734] multiqc                                            [DEBUG  ]  No samples found: flexbar
[2022-02-02 17:25:42,738] multiqc                                            [DEBUG  ]  No samples found: kaiju
[2022-02-02 17:25:42,741] multiqc                                            [DEBUG  ]  No samples found: kraken
[2022-02-02 17:25:42,744] multiqc                                            [DEBUG  ]  No samples found: malt
[2022-02-02 17:25:42,748] multiqc                                            [DEBUG  ]  No samples found: trimmomatic
[2022-02-02 17:25:42,751] multiqc                                            [DEBUG  ]  No samples found: sickle
[2022-02-02 17:25:42,755] multiqc                                            [DEBUG  ]  No samples found: skewer
[2022-02-02 17:25:42,758] multiqc                                            [DEBUG  ]  No samples found: sortmerna
[2022-02-02 17:25:42,762] multiqc                                            [DEBUG  ]  No samples found: biobloomtools
[2022-02-02 17:25:42,765] multiqc                                            [DEBUG  ]  No samples found: fastq_screen
[2022-02-02 17:25:42,768] multiqc                                            [DEBUG  ]  No samples found: afterqc
[2022-02-02 17:25:42,772] multiqc                                            [DEBUG  ]  No samples found: fastp
[2022-02-02 17:25:45,903] multiqc.modules.fastqc.fastqc                      [INFO   ]  Found 28 reports
[2022-02-02 17:25:46,085] multiqc                                            [DEBUG  ]  No samples found: pychopper
[2022-02-02 17:25:46,096] multiqc                                            [DEBUG  ]  No samples found: pycoqc
[2022-02-02 17:25:46,106] multiqc                                            [DEBUG  ]  No samples found: minionqc
[2022-02-02 17:25:46,115] multiqc                                            [DEBUG  ]  No samples found: multivcfanalyzer
[2022-02-02 17:25:46,123] multiqc                                            [DEBUG  ]  No samples found: clusterflow
[2022-02-02 17:25:46,131] multiqc                                            [DEBUG  ]  No samples found: bcl2fastq
[2022-02-02 17:25:46,139] multiqc                                            [DEBUG  ]  No samples found: bclconvert
[2022-02-02 17:25:46,146] multiqc                                            [DEBUG  ]  No samples found: interop
[2022-02-02 17:25:46,153] multiqc                                            [DEBUG  ]  No samples found: ivar
[2022-02-02 17:25:46,160] multiqc                                            [DEBUG  ]  No samples found: flash
[2022-02-02 17:25:46,166] multiqc                                            [DEBUG  ]  No samples found: seqyclean
[2022-02-02 17:25:46,172] multiqc                                            [DEBUG  ]  No samples found: optitype
[2022-02-02 17:25:46,173] multiqc.utils.profile_runtime                      [INFO   ]  Running run time profiling module
[2022-02-02 17:25:46,219] multiqc                                            [INFO   ]  Compressing plot data
[2022-02-02 17:25:46,541] multiqc                                            [WARNING]  Deleting    : output/qc/multiqc/multiqc_data   (-f was specified)
[2022-02-02 17:25:46,545] multiqc                                            [INFO   ]  Report      : output/qc/multiqc/multiqc.html
[2022-02-02 17:25:46,545] multiqc                                            [INFO   ]  Data        : output/qc/multiqc/multiqc_data
[2022-02-02 17:25:46,545] multiqc                                            [DEBUG  ]  Moving data file from '/tmp/tmpmc4odmv3/multiqc_data' to 'output/qc/multiqc/multiqc_data'
[2022-02-02 17:25:46,722] multiqc                                            [INFO   ]  MultiQC complete
[2022-02-02 17:25:46,722] multiqc                                            [INFO   ]  Run took 10.80 seconds
[2022-02-02 17:25:46,722] multiqc                                            [INFO   ]   - 3.90s: Searching files
[2022-02-02 17:25:46,723] multiqc                                            [INFO   ]   - 5.06s: Running modules
[2022-02-02 17:25:46,723] multiqc                                            [INFO   ]   - 0.28s: Compressing report data
[2022-02-02 17:25:46,723] multiqc                                            [INFO   ]  For more information, see the 'Run Time' section in output/qc/multiqc/multiqc.html
